Build started 12/13/2013 6:34:21 PM.
     1>Project "C:\Users\David\Documents\SCHOOL\OLD\CPT 232\program 6\Program6 Solution Wiggins\Program6 Project\Program6 Project.vcxproj" on node 2 (Build target(s)).
     1>InitializeBuildStatus:
         Creating "Debug\Program6 Project.unsuccessfulbuild" because "AlwaysCreate" was specified.
       ClCompile:
         C:\Program Files (x86)\Microsoft Visual Studio 10.0\VC\bin\CL.exe /c /ZI /nologo /W3 /WX- /Od /Oy- /D WIN32 /D _DEBUG /D _CONSOLE /D _UNICODE /D UNICODE /Gm /EHsc /RTC1 /MDd /GS /fp:precise /Zc:wchar_t /Zc:forScope /Fo"Debug\\" /Fd"Debug\vc100.pdb" /Gd /TP /analyze- /errorReport:prompt ElectricityCalculator.cpp
         ElectricityCalculator.cpp
       ManifestResourceCompile:
         C:\Program Files (x86)\Microsoft SDKs\Windows\v7.0A\bin\rc.exe /nologo /fo"Debug\Program6 Project.exe.embed.manifest.res" "Debug\Program6 Project_manifest.rc" 
       Link:
         C:\Program Files (x86)\Microsoft Visual Studio 10.0\VC\bin\link.exe /ERRORREPORT:PROMPT /OUT:"C:\Users\David\Documents\SCHOOL\OLD\CPT 232\program 6\Program6 Solution Wiggins\Debug\Program6 Project.exe" /INCREMENTAL /NOLOGO kernel32.lib user32.lib gdi32.lib winspool.lib comdlg32.lib advapi32.lib shell32.lib ole32.lib oleaut32.lib uuid.lib odbc32.lib odbccp32.lib /MANIFEST /ManifestFile:"Debug\Program6 Project.exe.intermediate.manifest" /MANIFESTUAC:"level='asInvoker' uiAccess='false'" /DEBUG /PDB:"C:\Users\David\Documents\SCHOOL\OLD\CPT 232\program 6\Program6 Solution Wiggins\Debug\Program6 Project.pdb" /SUBSYSTEM:CONSOLE /TLBID:1 /DYNAMICBASE /NXCOMPAT /IMPLIB:"C:\Users\David\Documents\SCHOOL\OLD\CPT 232\program 6\Program6 Solution Wiggins\Debug\Program6 Project.lib" /MACHINE:X86 "Debug\Program6 Project.exe.embed.manifest.res"
         Debug\ElectricityCalculator.obj
       Manifest:
         C:\Program Files (x86)\Microsoft SDKs\Windows\v7.0A\bin\mt.exe /nologo /verbose /out:"Debug\Program6 Project.exe.embed.manifest" /manifest "Debug\Program6 Project.exe.intermediate.manifest"
         All outputs are up-to-date.
       LinkEmbedManifest:
         All outputs are up-to-date.
         Program6 Project.vcxproj -> C:\Users\David\Documents\SCHOOL\OLD\CPT 232\program 6\Program6 Solution Wiggins\Debug\Program6 Project.exe
       FinalizeBuildStatus:
         Deleting file "Debug\Program6 Project.unsuccessfulbuild".
         Touching "Debug\Program6 Project.lastbuildstate".
     1>Done Building Project "C:\Users\David\Documents\SCHOOL\OLD\CPT 232\program 6\Program6 Solution Wiggins\Program6 Project\Program6 Project.vcxproj" (Build target(s)).

Build succeeded.

Time Elapsed 00:00:03.68
